Added Component: Designator=D0(LED-0)
Added Component: Designator=D0(LED-0)
Added Component: Designator=D0(LED-0)
Added Component: Designator=D1(LED-0)
Added Component: Designator=D1(LED-0)
Added Component: Designator=D1(LED-0)
Added Component: Designator=D2(LED-0)
Added Component: Designator=D2(LED-0)
Added Component: Designator=D2(LED-0)
Added Component: Designator=D3(LED-0)
Added Component: Designator=D3(LED-0)
Added Component: Designator=D3(LED-0)
Added Component: Designator=D4(LED-0)
Added Component: Designator=D4(LED-0)
Added Component: Designator=D4(LED-0)
Added Component: Designator=D5(LED-0)
Added Component: Designator=D5(LED-0)
Added Component: Designator=D5(LED-0)
Added Component: Designator=D6(LED-0)
Added Component: Designator=D6(LED-0)
Added Component: Designator=D6(LED-0)
Added Component: Designator=D7(LED-0)
Added Component: Designator=D7(LED-0)
Added Component: Designator=D7(LED-0)
Added Component: Designator=U?(MPU6050Module)
Added Pin To Net: NetName=GND Pin=D0-2
Added Pin To Net: NetName=GND Pin=D0-2
Added Pin To Net: NetName=GND Pin=D0-2
Added Pin To Net: NetName=GND Pin=D1-2
Added Pin To Net: NetName=GND Pin=D1-2
Added Pin To Net: NetName=GND Pin=D1-2
Added Pin To Net: NetName=GND Pin=D2-2
Added Pin To Net: NetName=GND Pin=D2-2
Added Pin To Net: NetName=GND Pin=D2-2
Added Pin To Net: NetName=GND Pin=D3-2
Added Pin To Net: NetName=GND Pin=D3-2
Added Pin To Net: NetName=GND Pin=D3-2
Added Pin To Net: NetName=GND Pin=D4-2
Added Pin To Net: NetName=GND Pin=D4-2
Added Pin To Net: NetName=GND Pin=D4-2
Added Pin To Net: NetName=GND Pin=D5-2
Added Pin To Net: NetName=GND Pin=D5-2
Added Pin To Net: NetName=GND Pin=D5-2
Added Pin To Net: NetName=GND Pin=D6-2
Added Pin To Net: NetName=GND Pin=D6-2
Added Pin To Net: NetName=GND Pin=D6-2
Added Pin To Net: NetName=GND Pin=D7-2
Added Pin To Net: NetName=GND Pin=D7-2
Added Pin To Net: NetName=GND Pin=D7-2
Added Pin To Net: NetName=GND Pin=U?-4
Added Net: Name=GND
Added Pin To Net: NetName=MCU_RXD|MPU_TXD Pin=U?-3
Added Net: Name=MCU_RXD|MPU_TXD
Added Pin To Net: NetName=MCU_TXD|MPU_RXD Pin=U?-2
Added Net: Name=MCU_TXD|MPU_RXD
Added Pin To Net: NetName=P0.0 Pin=D0-1
Added Net: Name=P0.0
Added Pin To Net: NetName=P0.1 Pin=D1-1
Added Net: Name=P0.1
Added Pin To Net: NetName=P0.2 Pin=D2-1
Added Net: Name=P0.2
Added Pin To Net: NetName=P0.3 Pin=D3-1
Added Net: Name=P0.3
Added Pin To Net: NetName=P0.4 Pin=D4-1
Added Net: Name=P0.4
Added Pin To Net: NetName=P0.5 Pin=D5-1
Added Net: Name=P0.5
Added Pin To Net: NetName=P0.6 Pin=D6-1
Added Net: Name=P0.6
Added Pin To Net: NetName=P0.7 Pin=D7-1
Added Net: Name=P0.7
Added Pin To Net: NetName=P1.0 Pin=D0-1
Added Net: Name=P1.0
Added Pin To Net: NetName=P1.1 Pin=D1-1
Added Net: Name=P1.1
Added Pin To Net: NetName=P1.2 Pin=D2-1
Added Net: Name=P1.2
Added Pin To Net: NetName=P1.3 Pin=D3-1
Added Net: Name=P1.3
Added Pin To Net: NetName=P1.4 Pin=D4-1
Added Net: Name=P1.4
Added Pin To Net: NetName=P1.5 Pin=D5-1
Added Net: Name=P1.5
Added Pin To Net: NetName=P1.6 Pin=D6-1
Added Net: Name=P1.6
Added Pin To Net: NetName=P1.7 Pin=D7-1
Added Net: Name=P1.7
Added Pin To Net: NetName=P2.0 Pin=D0-1
Added Net: Name=P2.0
Added Pin To Net: NetName=P2.1 Pin=D1-1
Added Net: Name=P2.1
Added Pin To Net: NetName=P2.2 Pin=D2-1
Added Net: Name=P2.2
Added Pin To Net: NetName=P2.3 Pin=D3-1
Added Net: Name=P2.3
Added Pin To Net: NetName=P2.4 Pin=D4-1
Added Net: Name=P2.4
Added Pin To Net: NetName=P2.5 Pin=D5-1
Added Net: Name=P2.5
Added Pin To Net: NetName=P2.6 Pin=D6-1
Added Net: Name=P2.6
Added Pin To Net: NetName=P2.7 Pin=D7-1
Added Net: Name=P2.7
Added Pin To Net: NetName=VCC Pin=U?-1
Added Net: Name=VCC
Added Class: Name=Sche
Added Room: Name=Sche
