C51 COMPILER V9.54   DELAY                                                                 01/08/2016 17:23:48 PAGE 1   


C51 COMPILER V9.54, COMPILATION OF MODULE DELAY
OBJECT MODULE PLACED IN .\Objects\delay.obj
COMPILER INVOKED BY: C:\Keil_v5\C51\BIN\C51.EXE delay.c COMPACT OPTIMIZE(8,SPEED) BROWSE DEBUG OBJECTEXTEND PRINT(.\List
                    -ings\delay.lst) TABS(2) OBJECT(.\Objects\delay.obj)

line level    source

   1          #include "delay.h"
   2          void delay_1ms(int times){
   3   1        unsigned char a,b;
   4   1        for(;times>0;times--){
   5   2          for(b=13;b>0;b--){
   6   3            for(a=33;a>0;a--);
   7   3          }
   8   2        }
   9   1      }
  10          
  11          
  12          void delay_10ms(int times){
  13   1        unsigned char a,b;
  14   1        for(;times>0;times--){
  15   2          for(b=40;b>0;b--){
  16   3            for(a=114;a>0;a--);
  17   3          }
  18   2        }
  19   1      }


MODULE INFORMATION:   STATIC OVERLAYABLE
   CODE SIZE        =     54    ----
   CONSTANT SIZE    =   ----    ----
   XDATA SIZE       =   ----    ----
   PDATA SIZE       =   ----    ----
   DATA SIZE        =   ----    ----
   IDATA SIZE       =   ----    ----
   BIT SIZE         =   ----    ----
END OF MODULE INFORMATION.


C51 COMPILATION COMPLETE.  0 WARNING(S),  0 ERROR(S)
