C51 COMPILER V9.54   MAIN                                                                  01/08/2016 17:23:47 PAGE 1   


C51 COMPILER V9.54, COMPILATION OF MODULE MAIN
OBJECT MODULE PLACED IN .\Objects\main.obj
COMPILER INVOKED BY: C:\Keil_v5\C51\BIN\C51.EXE ..\main.c COMPACT OPTIMIZE(8,SPEED) BROWSE DEBUG OBJECTEXTEND PRINT(.\Li
                    -stings\main.lst) TABS(2) OBJECT(.\Objects\main.obj)

line level    source

   1          #define D_Round 0.2  
   2          #define pi 3.14159265358
   3          #define distance_1 20
   4          #define distance_2 40
   5          #define distance_3 60
   6          #define thres_omega 6553
   7          #define omega_acc 30000 //快速加速阈值 
   8          
   9          #include "lights.h"
  10          
  11          
  12          unsigned char counter=0;
  13          int Receive_Buff[11];
  14          int a[3],w[3],Angle[3];
  15          int a1=0,a2=0,a3=0;
  16          int w1=0,w2=0;
  17          int w_turning;
  18          
  19          int Dist=0;
  20          double AngleNew=0;
  21          bit dis_flag_1=0,dis_flag_2=0,dis_flag_3=0;
  22          bit Flag=0;
  23          
  24          int main(){
  25   1      
  26   1        UartInit();
  27   1      
  28   1        while(1){                                          //20ms
  29   2      
  30   2              w_turning=sqrt(w[0]*w[0]+w[2]*w[2]);                            //用于转向判断
  31   2              if(w_turning>1500) {turning_pattern();}
  32   2       //       else if(w2-w1>omega_acc)  {speeding_pattern();}//omega_acc为快速加速阈值
  33   2       //       else if(w1-w2>omega_acc)  {slowing_pattern();}//omega_slow为刹车阈值
  34   2              else if(dis_flag_1){display_distance(1);}
  35   2              else if(dis_flag_2){display_distance(2);}
  36   2              else if(dis_flag_3){display_distance(3);}
  37   2              else{cruise_pattern();}
  38   2              
  39   2              if(Dist==distance_1){dis_flag_1=1;};
  40   2              if(Dist==distance_2){dis_flag_2=1;};
  41   2              if(Dist==distance_3){dis_flag_3=1;};
  42   2          }
  43   1        
  44   1      }
  45          
  46          
  47          void cruise_pattern(){
  48   1          if( AngleNew>0&&AngleNew<120){
  49   2                      P0=0x0F;
  50   2                      P1=0xFF;
  51   2              }
  52   1          else if(AngleNew>120&&AngleNew<240){
  53   2                      P1=0x0F;
  54   2                      P0=0xFF;
C51 COMPILER V9.54   MAIN                                                                  01/08/2016 17:23:47 PAGE 2   

  55   2              }
  56   1          else{
  57   2                  P0=0xFF;
  58   2                  P1=0xFF;
  59   2          }
  60   1      }
  61          
  62          
  63          void UartInit(void)   //115200bps@11.0592MHz
  64          {
  65   1        EA=1;
  66   1        ES=1;
  67   1        SCON = 0x50;
  68   1        RCAP2L = 0xFD;
  69   1        RCAP2H = 0xFF;
  70   1        TL2 = 0xFD;   
  71   1        TH2 = 0xFF;   
  72   1        T2CON=0x34;
  73   1      //以上为T2定时器实现115200波特率
  74   1      }
  75          
  76          
  77          
  78          void ser() interrupt 4
  79          {
  80   1          if(RI)
  81   1          {
  82   2              RI=0;
  83   2              Receive_Buff[counter]=SBUF;
  84   2      
  85   2            if(counter==0&&Receive_Buff[0]!=0x55) return;      //第0号数据不是帧头
  86   2            counter++;
  87   2      
  88   2            if(counter==11)             //接收到11个数据
  89   2              {counter=0;               //重新赋值，准备下一帧数据的接收
  90   3      
  91   3                  switch(Receive_Buff [1])
  92   3                  {
  93   4                  case 0x51:
  94   4                  a[0]=(Receive_Buff[3]<<8|Receive_Buff[2]);
  95   4      //          a[1]=(Receive_Buff[5]<<8|Receive_Buff[4]);
  96   4                  a1=a2;
  97   4                  a2=a3;
  98   4                  a3=a[0];
  99   4                  if(a1>=a2&&a2<=a3){Flag=1;}//固定点判断
 100   4                  if(a1<=a2&&a2>=a3){Flag=0; 
 101   5                  if(w[1]>thres_omega){Dist++;}//一圈里程加1
 102   5                  }
 103   4                  if(Flag==1){AngleNew=asin(a[0]/2048.0)*57.3+90;}//利用x轴加速度方向判断方位角
 104   4                  else{AngleNew=270-asin(a[0]/2048.0)*57.3;}
 105   4      //          a[2]=(Receive_Buff[7]<<8|Receive_Buff[6])/32768.0*16;
 106   4                  break;
 107   4                  
 108   4                  case 0x52:
 109   4                  w[0]=(Receive_Buff[3]<<8|Receive_Buff[2]);
 110   4                  w[1]=(Receive_Buff[5]<<8|Receive_Buff[4]);
 111   4                  w[2]=(Receive_Buff[7]<<8|Receive_Buff[6]);
 112   4                  w1=w2;
 113   4                  w2=w[1];
 114   4      //          w=w[i]/32768.0*2000;
 115   4                  break;
 116   4                  case 0x53:
C51 COMPILER V9.54   MAIN                                                                  01/08/2016 17:23:47 PAGE 3   

 117   4      //            Angle[0]=(Receive_Buff[3]<<8|Receive_Buff[2]);
 118   4      //            Angle[1]=(Receive_Buff[5]<<8|Receive_Buff[4])/32768.0*180;
 119   4      //            Angle[2]=(Receive_Buff[7]<<8|Receive_Buff[6])/32768.0*180;
 120   4                  break;
 121   4                  default: break;
 122   4                  }
 123   3                }
 124   2      
 125   2          }
 126   1          if(TI){TI=0;}
 127   1      }


MODULE INFORMATION:   STATIC OVERLAYABLE
   CODE SIZE        =    763    ----
   CONSTANT SIZE    =   ----    ----
   XDATA SIZE       =   ----    ----
   PDATA SIZE       =     59    ----
   DATA SIZE        =   ----    ----
   IDATA SIZE       =   ----    ----
   BIT SIZE         =      4    ----
END OF MODULE INFORMATION.


C51 COMPILATION COMPLETE.  0 WARNING(S),  0 ERROR(S)
