C51 COMPILER V9.54   MILEAGE                                                               01/08/2016 17:23:47 PAGE 1   


C51 COMPILER V9.54, COMPILATION OF MODULE MILEAGE
OBJECT MODULE PLACED IN .\Objects\mileage.obj
COMPILER INVOKED BY: C:\Keil_v5\C51\BIN\C51.EXE ..\mileage.c COMPACT OPTIMIZE(8,SPEED) BROWSE DEBUG OBJECTEXTEND PRINT(.
                    -\Listings\mileage.lst) TABS(2) OBJECT(.\Objects\mileage.obj)

line level    source

   1          #include "mileage.h"
   2          
   3          unsigned char pattern_1[15]={0xFE,0xFD,0xFB,0xF7,0xEF,0xDF,0xBF,0x7F,0xBF,0xDF,0xEF,0xF7,0xFB,0xFD,0xFE};
   4          unsigned char pattern_2[16]={0x7E,0xBD,0xDB,0xE7,0xDB,0xBD,0x7E,0xFF,0x00,0xFF,0x00,0xFF,0x00,0xFF,0xFF,0x
             -FF};
   5          int i=0,j=0,k=0;
   6          
   7          void delay_1ms(int parameter);
   8          void delay_10ms(int parameter);
   9          
  10          
  11          void display_distance(int parameter){
  12   1        switch (parameter){
  13   2          case 1:  // distance 1 arrived
  14   2          if(i<15){   
  15   3          P0=pattern_1[i];    
  16   3          P1=pattern_1[i];    
  17   3          P2=pattern_1[i];
  18   3          delay_10ms(1);
  19   3          i++;}
  20   2          else{dis_flag_1=0;}
  21   2          break;
  22   2          
  23   2          case 2:  // distance 2 arrived
  24   2          if(j<16){
  25   3          P0=pattern_2[i];
  26   3          P1=pattern_2[i];
  27   3          P2=pattern_2[i];
  28   3          delay_1ms(7);
  29   3          }
  30   2          else{dis_flag_2=0;}
  31   2          break;
  32   2          
  33   2          case 3:  // distance 3 arrived
  34   2          if(k<15){
  35   3              if(AngleNew>0   &&  AngleNew<60)  {P0=0xFF;P1=0xFF;P2=0xFF;delay_1ms(5);k++;return;}
  36   3              if(AngleNew>60  &&  AngleNew<120) {P0=0x0C;P1=0x0C;P2=0x0C;delay_1ms(5);k++;return;}
  37   3              if(AngleNew>120 &&  AngleNew<180) {P0=0xFF;P1=0xFF;P2=0xFF;delay_1ms(5);k++;return;}
  38   3              if(AngleNew>180 &&  AngleNew<240) {P0=0x0C;P1=0x0C;P2=0x0C;delay_1ms(5);k++;return;}
  39   3              if(AngleNew>240 &&  AngleNew<300) {P0=0xFF;P1=0xFF;P2=0xFF;delay_1ms(5);k++;return;}
  40   3              if(AngleNew>300 &&  AngleNew<360) {P0=0x0C;P1=0x0C;P2=0x0C;delay_1ms(5);k++;return;}
  41   3          }
  42   2          if(k>=15 && k<25){
  43   3          P0=0xFF;
  44   3          delay_1ms(6);
  45   3          k++;
  46   3          }
  47   2          if(k>=25 && k<40){
  48   3              if(AngleNew>0   &&  AngleNew<60)  {P0=0xFF;P1=0xFF;P2=0xFF;delay_1ms(5);k++;return;}
  49   3              if(AngleNew>60  &&  AngleNew<120) {P0=0x0C;P1=0x0C;P2=0x0C;delay_1ms(5);k++;return;}
  50   3              if(AngleNew>120 &&  AngleNew<180) {P0=0xFF;P1=0xFF;P2=0xFF;delay_1ms(5);k++;return;}
  51   3              if(AngleNew>180 &&  AngleNew<240) {P0=0x0C;P1=0x0C;P2=0x0C;delay_1ms(5);k++;return;}
  52   3              if(AngleNew>240 &&  AngleNew<300) {P0=0xFF;P1=0xFF;P2=0xFF;delay_1ms(5);k++;return;}
  53   3              if(AngleNew>300 &&  AngleNew<360) {P0=0x0C;P1=0x0C;P2=0x0C;delay_1ms(5);k++;return;}
C51 COMPILER V9.54   MILEAGE                                                               01/08/2016 17:23:47 PAGE 2   

  54   3          }
  55   2          if(k>=40 && k<50){
  56   3          P0=0xFF;
  57   3          delay_1ms(6);
  58   3          k++;
  59   3          }
  60   2          if(k>=50){dis_flag_3=0;}
  61   2          break;
  62   2        }
  63   1      }
  64          


MODULE INFORMATION:   STATIC OVERLAYABLE
   CODE SIZE        =   1167    ----
   CONSTANT SIZE    =   ----    ----
   XDATA SIZE       =   ----    ----
   PDATA SIZE       =     37    ----
   DATA SIZE        =   ----    ----
   IDATA SIZE       =   ----    ----
   BIT SIZE         =   ----    ----
END OF MODULE INFORMATION.


C51 COMPILATION COMPLETE.  0 WARNING(S),  0 ERROR(S)
