C51 COMPILER V9.54   SPEEDING                                                              01/08/2016 22:25:18 PAGE 1   


C51 COMPILER V9.54, COMPILATION OF MODULE SPEEDING
OBJECT MODULE PLACED IN .\Objects\speeding.obj
COMPILER INVOKED BY: C:\Keil_v5\C51\BIN\C51.EXE speeding.c COMPACT OPTIMIZE(8,SPEED) BROWSE DEBUG OBJECTEXTEND PRINT(.\L
                    -istings\speeding.lst) TABS(2) OBJECT(.\Objects\speeding.obj)

line level    source

   1          #include "speeding.h"
   2          unsigned char acc_pattern_value[7]={0x3C,0x99,0xC3,0xE7,0xFF,0xFF,0xFF};
   3          int S_P_i=0;
   4          
   5          void speeding_pattern(void){
   6   1        if(S_P_i<7){
   7   2          P0=acc_pattern_value[S_P_i];
   8   2          P1=acc_pattern_value[S_P_i];
   9   2          P2=acc_pattern_value[S_P_i];
  10   2          S_P_i++;
  11   2        } else{S_P_i=0;}
  12   1        
  13   1      }
  14          
  15          void slowing_pattern(void){
  16   1        
  17   1      }


MODULE INFORMATION:   STATIC OVERLAYABLE
   CODE SIZE        =     48    ----
   CONSTANT SIZE    =   ----    ----
   XDATA SIZE       =   ----    ----
   PDATA SIZE       =      9    ----
   DATA SIZE        =   ----    ----
   IDATA SIZE       =   ----    ----
   BIT SIZE         =   ----    ----
END OF MODULE INFORMATION.


C51 COMPILATION COMPLETE.  0 WARNING(S),  0 ERROR(S)
